<?xml version="1.0" encoding="UTF-8"?>
<!-- Generated by org.testng.reporters.JUnitXMLReporter -->
<testsuite hostname="DESKTOP-5T03LQ5" ignored="0" name="Default test" tests="2" failures="0" timestamp="2022-11-26T10:51:28 IST" time="116.487" errors="0">
  <testcase name="addACustomer" time="62.974" classname="com.XYZBank.testscripts.BankManagerLoginPageTest"/>
  <testcase name="addACustomer" time="47.364" classname="com.XYZBank.testscripts.BankManagerLoginPageTest"/>
</testsuite> <!-- Default test -->
