<?xml version="1.0" encoding="UTF-8"?>
<!-- Generated by org.testng.reporters.JUnitXMLReporter -->
<testsuite hostname="DESKTOP-5T03LQ5" ignored="0" name="BankManagerLoginPageTest" tests="2" failures="0" timestamp="2022-12-01T15:52:05 IST" time="134.256" errors="0">
  <testcase name="addACustomer" time="100.992" classname="com.XYZBank.testscripts.BankManagerLoginPageTest"/>
  <testcase name="addACustomer" time="21.81" classname="com.XYZBank.testscripts.BankManagerLoginPageTest"/>
</testsuite> <!-- BankManagerLoginPageTest -->
