<?xml version="1.0" encoding="UTF-8"?>
<testng-results skipped="0" failed="0" ignored="0" total="1" passed="1">
  <reporter-output>
  </reporter-output>
  <suite name="Suite" duration-ms="48536" started-at="2022-12-11T10:57:40 IST" finished-at="2022-12-11T10:58:28 IST">
    <groups>
    </groups>
    <test name="openCustomerAccount" duration-ms="48536" started-at="2022-12-11T10:57:40 IST" finished-at="2022-12-11T10:58:28 IST">
      <class name="com.XYZBank.testscripts.OpenAccountTestPage">
        <test-method status="PASS" signature="frameworkSetUp()[pri:0, instance:com.XYZBank.testscripts.OpenAccountTestPage@3c419631]" name="frameworkSetUp" is-config="true" duration-ms="18" started-at="2022-12-11T10:57:40 IST" finished-at="2022-12-11T10:57:40 IST">
          <reporter-output>
          </reporter-output>
        </test-method> <!-- frameworkSetUp -->
        <test-method status="PASS" signature="openCustomerAccount()[pri:0, instance:com.XYZBank.testscripts.OpenAccountTestPage@3c419631]" name="openCustomerAccount" duration-ms="48441" started-at="2022-12-11T10:57:40 IST" finished-at="2022-12-11T10:58:28 IST">
          <reporter-output>
          </reporter-output>
        </test-method> <!-- openCustomerAccount -->
        <test-method status="PASS" signature="closeBrowser()[pri:0, instance:com.XYZBank.testscripts.OpenAccountTestPage@3c419631]" name="closeBrowser" is-config="true" duration-ms="4807" started-at="2022-12-11T10:58:32 IST" finished-at="2022-12-11T10:58:37 IST">
          <reporter-output>
          </reporter-output>
        </test-method> <!-- closeBrowser -->
      </class> <!-- com.XYZBank.testscripts.OpenAccountTestPage -->
    </test> <!-- openCustomerAccount -->
  </suite> <!-- Suite -->
</testng-results>
